3/16/2021 6:10:18 PM
 
Exception: Object reference not set to an instance of an object
PlayerControls.Start () (at <869af110e28e4aaf80ea011fa3429e5f>:0)

Log
configuration missing for arena 0

Exception
NullReferenceException: Object reference not set to an instance of an object
PlayerControls.Start () (at <869af110e28e4aaf80ea011fa3429e5f>:0)

Exception
NullReferenceException: Object reference not set to an instance of an object
PlayerControls.Start () (at <869af110e28e4aaf80ea011fa3429e5f>:0)

Log
configuration missing for arena 0

Log
configuration missing for arena 0

Exception
NullReferenceException: Object reference not set to an instance of an object
PlayerControls.Start () (at <869af110e28e4aaf80ea011fa3429e5f>:0)

Log
configuration missing for arena 0

Exception
NullReferenceException: Object reference not set to an instance of an object
PlayerControls.Start () (at <869af110e28e4aaf80ea011fa3429e5f>:0)

Exception
NullReferenceException: Object reference not set to an instance of an object
PlayerControls.Start () (at <869af110e28e4aaf80ea011fa3429e5f>:0)

Log
configuration missing for arena 0

Exception
NullReferenceException: Object reference not set to an instance of an object
PlayerControls.Start () (at <869af110e28e4aaf80ea011fa3429e5f>:0)

Log
configuration missing for arena 0

Log
configuration missing for arena 0

Exception
NullReferenceException: Object reference not set to an instance of an object
PlayerControls.Start () (at <869af110e28e4aaf80ea011fa3429e5f>:0)

Log
configuration missing for arena 0

Exception
NullReferenceException: Object reference not set to an instance of an object
PlayerControls.Start () (at <869af110e28e4aaf80ea011fa3429e5f>:0)

Log
configuration missing for arena 0

Exception
NullReferenceException: Object reference not set to an instance of an object
PlayerControls.Start () (at <869af110e28e4aaf80ea011fa3429e5f>:0)

Log
configuration missing for arena 0

Exception
NullReferenceException: Object reference not set to an instance of an object
PlayerControls.Start () (at <869af110e28e4aaf80ea011fa3429e5f>:0)

Log
configuration missing for arena 0

Exception
NullReferenceException: Object reference not set to an instance of an object
PlayerControls.Start () (at <869af110e28e4aaf80ea011fa3429e5f>:0)

Log
configuration missing for arena 0

Exception
NullReferenceException: Object reference not set to an instance of an object
PlayerControls.Start () (at <869af110e28e4aaf80ea011fa3429e5f>:0)

Log
configuration missing for arena 0

Exception
NullReferenceException: Object reference not set to an instance of an object
PlayerControls.Start () (at <869af110e28e4aaf80ea011fa3429e5f>:0)

Log
configuration missing for arena 0

Warning
Releasing render texture that is set to be RenderTexture.active!

Warning
Releasing render texture that is set to be RenderTexture.active!

Warning
Releasing render texture that is set to be RenderTexture.active!

